[debug] [2019-09-13T14:57:08.955Z] ----------------------------------------------------------------------
[debug] [2019-09-13T14:57:08.957Z] Command:       /Users/eunwooson/.nvm/versions/node/v11.11.0/bin/node /Users/eunwooson/.nvm/versions/node/v11.11.0/bin/firebase init
[debug] [2019-09-13T14:57:08.957Z] CLI Version:   6.10.0
[debug] [2019-09-13T14:57:08.958Z] Platform:      darwin
[debug] [2019-09-13T14:57:08.958Z] Node Version:  v11.11.0
[debug] [2019-09-13T14:57:08.961Z] Time:          Fri Sep 13 2019 23:57:08 GMT+0900 (Korean Standard Time)
[debug] [2019-09-13T14:57:08.961Z] ----------------------------------------------------------------------
[debug] 
[debug] [2019-09-13T14:57:08.975Z] > command requires scopes: ["email","openid","https://www.googleapis.com/auth/cloudplatformprojects.readonly","https://www.googleapis.com/auth/firebase","https://www.googleapis.com/auth/cloud-platform"]
[debug] [2019-09-13T14:57:08.975Z] > authorizing via signed-in user
[info] 
     ######## #### ########  ######## ########     ###     ######  ########
     ##        ##  ##     ## ##       ##     ##  ##   ##  ##       ##
     ######    ##  ########  ######   ########  #########  ######  ######
     ##        ##  ##    ##  ##       ##     ## ##     ##       ## ##
     ##       #### ##     ## ######## ########  ##     ##  ######  ########

You're about to initialize a Firebase project in this directory:

  /Users/eunwooson/Desktop/privateWork/games/games

[info] 
=== Project Setup
[info] 
[info] First, let's associate this project directory with a Firebase project.
[info] You can create multiple project aliases by running firebase use --add, 
[info] but for now we'll just set up a default project.
[info] 
[debug] [2019-09-13T14:57:16.651Z] > refreshing access token with scopes: ["email","https://www.googleapis.com/auth/cloud-platform","https://www.googleapis.com/auth/cloudplatformprojects.readonly","https://www.googleapis.com/auth/firebase","openid"]
[debug] [2019-09-13T14:57:16.651Z] >>> HTTP REQUEST POST https://www.googleapis.com/oauth2/v3/token  
 <request body omitted>
[debug] [2019-09-13T14:57:16.977Z] <<< HTTP RESPONSE 200
[debug] [2019-09-13T14:57:16.994Z] >>> HTTP REQUEST GET https://firebase.googleapis.com/v1beta1/projects?page_size=100  
 
[debug] [2019-09-13T14:57:18.630Z] <<< HTTP RESPONSE 200
[info] i  Don't want to scroll through all your projects? If you know your project ID, you can initialize it directly using firebase init --project <project_id>.

